<?xml version='1.0' encoding='UTF-8' ?>
<testsuite name="com.example.carpoolapp.ExampleInstrumentedTest" tests="1" failures="0" errors="0" skipped="0" time="0.236" timestamp="2023-04-10T05:02:20" hostname="localhost">
  <properties>
    <property name="device" value="Resizable_Experimental_API_UpsideDownCake(AVD) - 13" />
    <property name="flavor" value="" />
    <property name="project" value=":app" />
  </properties>
  <testcase name="useAppContext" classname="com.example.carpoolapp.ExampleInstrumentedTest" time="0.011" />
</testsuite>